mode: atomic
github.com/flowup/aftertalk/internal/core/minutes/entity.go:46.48,60.2 1 30
github.com/flowup/aftertalk/internal/core/minutes/entity.go:62.38,64.2 1 6
github.com/flowup/aftertalk/internal/core/minutes/entity.go:66.31,68.2 1 23
github.com/flowup/aftertalk/internal/core/minutes/entity.go:70.35,74.2 3 5
github.com/flowup/aftertalk/internal/core/minutes/entity.go:76.31,78.2 1 2
github.com/flowup/aftertalk/internal/core/minutes/entity.go:89.91,97.2 1 13
github.com/flowup/aftertalk/internal/core/minutes/entity.go:99.55,101.2 1 5
github.com/flowup/aftertalk/internal/core/minutes/repository.go:17.58,21.2 1 20
github.com/flowup/aftertalk/internal/core/minutes/repository.go:23.81,37.32 9 24
github.com/flowup/aftertalk/internal/core/minutes/repository.go:37.32,39.3 1 2
github.com/flowup/aftertalk/internal/core/minutes/repository.go:41.2,57.16 2 24
github.com/flowup/aftertalk/internal/core/minutes/repository.go:57.16,59.3 1 9
github.com/flowup/aftertalk/internal/core/minutes/repository.go:61.2,61.12 1 15
github.com/flowup/aftertalk/internal/core/minutes/repository.go:64.87,91.16 6 12
github.com/flowup/aftertalk/internal/core/minutes/repository.go:91.16,92.27 1 1
github.com/flowup/aftertalk/internal/core/minutes/repository.go:92.27,94.4 1 1
github.com/flowup/aftertalk/internal/core/minutes/repository.go:95.3,95.59 1 0
github.com/flowup/aftertalk/internal/core/minutes/repository.go:98.2,105.23 7 11
github.com/flowup/aftertalk/internal/core/minutes/repository.go:105.23,107.3 1 11
github.com/flowup/aftertalk/internal/core/minutes/repository.go:108.2,108.23 1 11
github.com/flowup/aftertalk/internal/core/minutes/repository.go:108.23,111.3 2 3
github.com/flowup/aftertalk/internal/core/minutes/repository.go:113.2,113.16 1 11
github.com/flowup/aftertalk/internal/core/minutes/repository.go:116.99,143.16 6 3
github.com/flowup/aftertalk/internal/core/minutes/repository.go:143.16,144.27 1 1
github.com/flowup/aftertalk/internal/core/minutes/repository.go:144.27,146.4 1 1
github.com/flowup/aftertalk/internal/core/minutes/repository.go:147.3,147.59 1 0
github.com/flowup/aftertalk/internal/core/minutes/repository.go:150.2,157.23 7 2
github.com/flowup/aftertalk/internal/core/minutes/repository.go:157.23,159.3 1 2
github.com/flowup/aftertalk/internal/core/minutes/repository.go:160.2,160.23 1 2
github.com/flowup/aftertalk/internal/core/minutes/repository.go:160.23,163.3 2 0
github.com/flowup/aftertalk/internal/core/minutes/repository.go:165.2,165.16 1 2
github.com/flowup/aftertalk/internal/core/minutes/repository.go:168.81,183.32 9 5
github.com/flowup/aftertalk/internal/core/minutes/repository.go:183.32,185.3 1 1
github.com/flowup/aftertalk/internal/core/minutes/repository.go:187.2,200.16 2 5
github.com/flowup/aftertalk/internal/core/minutes/repository.go:200.16,202.3 1 0
github.com/flowup/aftertalk/internal/core/minutes/repository.go:204.2,204.12 1 5
github.com/flowup/aftertalk/internal/core/minutes/repository.go:207.95,222.16 3 10
github.com/flowup/aftertalk/internal/core/minutes/repository.go:222.16,224.3 1 0
github.com/flowup/aftertalk/internal/core/minutes/repository.go:226.2,226.12 1 10
github.com/flowup/aftertalk/internal/core/minutes/repository.go:229.106,238.16 3 5
github.com/flowup/aftertalk/internal/core/minutes/repository.go:238.16,240.3 1 0
github.com/flowup/aftertalk/internal/core/minutes/repository.go:241.2,244.18 3 5
github.com/flowup/aftertalk/internal/core/minutes/repository.go:244.18,258.17 5 10
github.com/flowup/aftertalk/internal/core/minutes/repository.go:258.17,260.4 1 0
github.com/flowup/aftertalk/internal/core/minutes/repository.go:262.3,263.21 2 10
github.com/flowup/aftertalk/internal/core/minutes/repository.go:263.21,265.4 1 10
github.com/flowup/aftertalk/internal/core/minutes/repository.go:267.3,267.32 1 10
github.com/flowup/aftertalk/internal/core/minutes/repository.go:270.2,270.21 1 5
github.com/flowup/aftertalk/internal/core/minutes/service.go:18.77,23.2 1 0
github.com/flowup/aftertalk/internal/core/minutes/service.go:25.65,27.29 2 0
github.com/flowup/aftertalk/internal/core/minutes/service.go:27.29,32.3 1 0
github.com/flowup/aftertalk/internal/core/minutes/service.go:33.2,33.15 1 0
github.com/flowup/aftertalk/internal/core/minutes/service.go:36.60,38.30 2 0
github.com/flowup/aftertalk/internal/core/minutes/service.go:38.30,44.3 1 0
github.com/flowup/aftertalk/internal/core/minutes/service.go:45.2,45.15 1 0
github.com/flowup/aftertalk/internal/core/minutes/service.go:48.134,54.52 4 0
github.com/flowup/aftertalk/internal/core/minutes/service.go:54.52,56.3 1 0
github.com/flowup/aftertalk/internal/core/minutes/service.go:58.2,60.16 3 0
github.com/flowup/aftertalk/internal/core/minutes/service.go:60.16,64.3 3 0
github.com/flowup/aftertalk/internal/core/minutes/service.go:66.2,67.16 2 0
github.com/flowup/aftertalk/internal/core/minutes/service.go:67.16,71.3 3 0
github.com/flowup/aftertalk/internal/core/minutes/service.go:73.2,84.52 8 0
github.com/flowup/aftertalk/internal/core/minutes/service.go:84.52,86.3 1 0
github.com/flowup/aftertalk/internal/core/minutes/service.go:88.2,89.21 2 0
github.com/flowup/aftertalk/internal/core/minutes/service.go:92.87,94.16 2 0
github.com/flowup/aftertalk/internal/core/minutes/service.go:94.16,96.3 1 0
github.com/flowup/aftertalk/internal/core/minutes/service.go:98.2,98.21 1 0
github.com/flowup/aftertalk/internal/core/minutes/service.go:101.84,103.16 2 0
github.com/flowup/aftertalk/internal/core/minutes/service.go:103.16,105.3 1 0
github.com/flowup/aftertalk/internal/core/minutes/service.go:107.2,107.21 1 0
github.com/flowup/aftertalk/internal/core/minutes/service.go:110.125,112.16 2 0
github.com/flowup/aftertalk/internal/core/minutes/service.go:112.16,114.3 1 0
github.com/flowup/aftertalk/internal/core/minutes/service.go:116.2,120.59 4 0
github.com/flowup/aftertalk/internal/core/minutes/service.go:120.59,122.3 1 0
github.com/flowup/aftertalk/internal/core/minutes/service.go:124.2,132.52 8 0
github.com/flowup/aftertalk/internal/core/minutes/service.go:132.52,134.3 1 0
github.com/flowup/aftertalk/internal/core/minutes/service.go:136.2,136.21 1 0
github.com/flowup/aftertalk/internal/core/minutes/service.go:139.103,141.16 2 0
github.com/flowup/aftertalk/internal/core/minutes/service.go:141.16,143.3 1 0
github.com/flowup/aftertalk/internal/core/minutes/service.go:145.2,145.21 1 0
